<?xml version="1.0" encoding="UTF-8"?>
<!-- Generated by org.testng.reporters.JUnitReportReporter -->
<testsuite hostname="DESKTOP-O9GM8A3" failures="0" tests="5" name="automationTest.EcommerceTest" time="41.301" errors="0" timestamp="2024-07-14T13:06:47 IST" skipped="0">
  <testcase classname="automationTest.EcommerceTest" name="ecommerceTest" time="10.067"/>
  <system-out/>
  <testcase classname="automationTest.EcommerceTest" name="ecommerceTest" time="10.101"/>
  <system-out/>
  <testcase classname="automationTest.EcommerceTest" name="ecommerceTest" time="10.232"/>
  <system-out/>
  <testcase classname="automationTest.EcommerceTest" name="ecommerceTest" time="0.783"/>
  <system-out/>
  <testcase classname="automationTest.EcommerceTest" name="ecommerceTest" time="10.118"/>
  <system-out/>
</testsuite> <!-- automationTest.EcommerceTest -->
