<?xml version="1.0" encoding="UTF-8"?>
<!-- Generated by org.testng.reporters.JUnitReportReporter -->
<testsuite hostname="DESKTOP-O9GM8A3" failures="0" tests="2" name="automationTest.EcommerceTestJson" time="35.449" errors="0" timestamp="2024-07-20T23:09:48 IST" skipped="0">
  <testcase classname="automationTest.EcommerceTestJson" name="ecommerceTestJson" time="17.729"/>
  <system-out/>
  <testcase classname="automationTest.EcommerceTestJson" name="ecommerceTestJson" time="17.720"/>
  <system-out/>
</testsuite> <!-- automationTest.EcommerceTestJson -->
