<?xml version="1.0" encoding="UTF-8"?>
<!-- Generated by org.testng.reporters.JUnitReportReporter -->
<testsuite hostname="DESKTOP-O9GM8A3" failures="0" tests="2" name="cucumber.TestNGTestRunner" time="39.543" errors="0" timestamp="2024-07-20T23:29:09 IST" skipped="0">
  <testcase classname="cucumber.TestNGTestRunner" name="runScenario" time="20.735"/>
  <system-out/>
  <testcase classname="cucumber.TestNGTestRunner" name="runScenario" time="18.808"/>
  <system-out/>
</testsuite> <!-- cucumber.TestNGTestRunner -->
